2021-03-26 15:10:10 Loading main app package /tmp/.mount_Obsidib3HVqL/resources/obsidian.asar
2021-03-26 15:10:11 Checking for update using Github
2021-03-26 15:10:11 Success.
2021-03-26 15:10:11 Latest version is 0.11.5
2021-03-26 15:10:11 App is up to date.
2021-03-26 16:10:10 Checking for update using Github
2021-03-26 16:10:10 Success.
2021-03-26 16:10:10 Latest version is 0.11.5
2021-03-26 16:10:10 App is up to date.
2021-03-26 16:50:01 Loading main app package /tmp/.mount_obsidiain4Qi/resources/obsidian.asar
2021-03-26 16:50:02 Checking for update using Github
2021-03-26 16:50:02 Success.
2021-03-26 16:50:02 Latest version is 0.11.5
2021-03-26 16:50:02 App is up to date.
2021-03-26 16:59:36 Loading main app package /tmp/.mount_obsidiIpksXS/resources/obsidian.asar
2021-03-26 16:59:37 Checking for update using Github
2021-03-26 16:59:37 Success.
2021-03-26 16:59:37 Latest version is 0.11.5
2021-03-26 16:59:37 App is up to date.
2021-03-26 17:59:36 Checking for update using Github
2021-03-26 17:59:36 Success.
2021-03-26 17:59:36 Latest version is 0.11.5
2021-03-26 17:59:36 App is up to date.
2021-03-26 18:59:36 Checking for update using Github
2021-03-26 18:59:36 Success.
2021-03-26 18:59:36 Latest version is 0.11.5
2021-03-26 18:59:36 App is up to date.
2021-03-26 19:59:36 Checking for update using Github
2021-03-26 19:59:36 Success.
2021-03-26 19:59:36 Latest version is 0.11.5
2021-03-26 19:59:36 App is up to date.
