00:00:00.004190 main     VirtualBox XPCOM Server 6.1.18 r142142 linux.amd64 (Feb 16 2021 07:45:49) release log
00:00:00.004199 main     Log opened 2021-03-30T23:05:50.968019000Z
00:00:00.004201 main     Build Type: release
00:00:00.004207 main     OS Product: Linux
00:00:00.004209 main     OS Release: 5.11.8-arch1-1
00:00:00.004210 main     OS Version: #1 SMP PREEMPT Sun, 21 Mar 2021 01:55:51 +0000
00:00:00.004274 main     DMI Product Name: Aspire A315-53
00:00:00.004288 main     DMI Product Version: V1.21
00:00:00.004301 main     Firmware type: BIOS
00:00:00.004363 main     Host RAM: 7831MB (7.6GB) total, 6388MB (6.2GB) available
00:00:00.004377 main     Executable: /usr/lib/virtualbox/VBoxSVC
00:00:00.004377 main     Process ID: 3671998
00:00:00.004378 main     Package type: LINUX_64BITS_GENERIC (OSE)
00:00:00.009016 main     IPC socket path: /tmp/.vbox-wedsley-ipc/ipcd
00:00:00.149794 nspr-2   VirtualBox: object creation starts
00:00:00.150268 nspr-2   Home directory: '/home/wedsley/.config/VirtualBox'
00:00:00.151875 nspr-2   Loading settings file "/home/wedsley/.config/VirtualBox/VirtualBox.xml" with version "1.12-linux"
00:00:00.191240 nspr-2   NetIfAdpCtlOut: VBoxNetAdpCtl: Error while retrieving link speed for wlan0: VBoxNetAdpCtl: ioctl failed: Operation not supported
00:00:00.193687 nspr-2   HostDnsMonitor: initializing
00:00:00.193918 nspr-2   NAT: resolv.conf: nameserver 187.103.160.20
00:00:00.193931 nspr-2   NAT: resolv.conf: nameserver 187.103.160.21
00:00:00.193937 nspr-2   NAT: resolv.conf: nameserver 8.8.8.8
00:00:00.193942 nspr-2   NAT: resolv.conf: too many nameserver lines, ignoring 8.8.4.4
00:00:00.193953 nspr-2   HostDnsMonitor: updating information
00:00:00.193972 nspr-2   HostDnsMonitor: old information
00:00:00.193977 nspr-2     no server entries
00:00:00.193981 nspr-2     no domain set
00:00:00.193984 nspr-2     no search string entries
00:00:00.193988 nspr-2   HostDnsMonitor: new information
00:00:00.193991 nspr-2     server 1: 187.103.160.20
00:00:00.193996 nspr-2     server 2: 187.103.160.21
00:00:00.193999 nspr-2     server 3: 8.8.8.8
00:00:00.194003 nspr-2     no domain set
00:00:00.194006 nspr-2     no search string entries
00:00:00.217884 nspr-2   VD: VDInit finished with VINF_SUCCESS
00:00:00.218810 nspr-2   ERROR [COM]: aRC=NS_ERROR_FAILURE (0x80004005) aIID={027bc463-929c-40e8-bf16-fea557cd8e7e} aComponent={SystemPropertiesWrap} aText={Cannot determine default Guest Additions ISO location. Most likely they are not available}, preserve=false aResultDetail=0
00:00:02.167790 nspr-2   Loading settings file "/home/wedsley/Documents/Pessoal/Isos/Hds Mas Maquinas/Ubuntu HD/Ubuntu/Ubuntu.vbox" with version "1.16-linux"
00:00:02.178554 nspr-2   OCI: Local config file '/home/wedsley/.config/VirtualBox/oci_config' does not exist
00:00:02.178633 nspr-2   OCI: Original config file '/home/wedsley/.oci/config' does not exist
00:00:02.178657 nspr-2   OCI: Reading profiles finished with status NS_OK
00:00:02.178681 nspr-2   ExtPack: Created cloud provider 'OCI' (hrc=NS_OK)
00:00:02.178739 nspr-2   VirtualBox: object created
00:00:03.965658 nspr-2   WARNING [COM]: aRC=NS_ERROR_FAILURE (0x80004005) aIID={16ced992-5fdc-4aba-aff5-6a39bbd7c38b} aComponent={HostWrap} aText={VirtualBox is not currently allowed to access USB devices.  You can change this by adding your user to the 'vboxusers' group.  Please see the user manual for a more detailed explanation}, preserve=true  aResultDetail=0
00:00:04.492919 nspr-4   WARNING [COM]: aRC=NS_ERROR_FAILURE (0x80004005) aIID={16ced992-5fdc-4aba-aff5-6a39bbd7c38b} aComponent={HostWrap} aText={VirtualBox is not currently allowed to access USB devices.  You can change this by adding your user to the 'vboxusers' group.  Please see the user manual for a more detailed explanation}, preserve=true  aResultDetail=0
00:00:04.495636 nspr-4   WARNING [COM]: aRC=NS_ERROR_FAILURE (0x80004005) aIID={16ced992-5fdc-4aba-aff5-6a39bbd7c38b} aComponent={HostWrap} aText={VirtualBox is not currently allowed to access USB devices.  You can change this by adding your user to the 'vboxusers' group.  Please see the user manual for a more detailed explanation}, preserve=true  aResultDetail=0
00:00:06.095909 nspr-3   Launched VM: 8800 pid: 3672407 (0x380957) frontend: GUI/Qt name: Ubuntu
00:00:06.345523 nspr-5   WARNING [COM]: aRC=NS_ERROR_FAILURE (0x80004005) aIID={16ced992-5fdc-4aba-aff5-6a39bbd7c38b} aComponent={HostWrap} aText={VirtualBox is not currently allowed to access USB devices.  You can change this by adding your user to the 'vboxusers' group.  Please see the user manual for a more detailed explanation}, preserve=true  aResultDetail=0
00:00:06.353587 nspr-5   WARNING [COM]: aRC=NS_ERROR_FAILURE (0x80004005) aIID={16ced992-5fdc-4aba-aff5-6a39bbd7c38b} aComponent={HostWrap} aText={VirtualBox is not currently allowed to access USB devices.  You can change this by adding your user to the 'vboxusers' group.  Please see the user manual for a more detailed explanation}, preserve=true  aResultDetail=0
00:00:06.898759 nspr-4   WARNING [COM]: aRC=NS_ERROR_FAILURE (0x80004005) aIID={16ced992-5fdc-4aba-aff5-6a39bbd7c38b} aComponent={HostWrap} aText={VirtualBox is not currently allowed to access USB devices.  You can change this by adding your user to the 'vboxusers' group.  Please see the user manual for a more detailed explanation}, preserve=true  aResultDetail=0
00:00:06.915066 nspr-4   WARNING [COM]: aRC=NS_ERROR_FAILURE (0x80004005) aIID={16ced992-5fdc-4aba-aff5-6a39bbd7c38b} aComponent={HostWrap} aText={VirtualBox is not currently allowed to access USB devices.  You can change this by adding your user to the 'vboxusers' group.  Please see the user manual for a more detailed explanation}, preserve=true  aResultDetail=0
00:00:08.777200 nspr-2   WARNING [COM]: aRC=NS_ERROR_FAILURE (0x80004005) aIID={16ced992-5fdc-4aba-aff5-6a39bbd7c38b} aComponent={HostWrap} aText={VirtualBox is not currently allowed to access USB devices.  You can change this by adding your user to the 'vboxusers' group.  Please see the user manual for a more detailed explanation}, preserve=true  aResultDetail=0
00:00:08.779171 nspr-4   WARNING [COM]: aRC=NS_ERROR_FAILURE (0x80004005) aIID={16ced992-5fdc-4aba-aff5-6a39bbd7c38b} aComponent={HostWrap} aText={VirtualBox is not currently allowed to access USB devices.  You can change this by adding your user to the 'vboxusers' group.  Please see the user manual for a more detailed explanation}, preserve=true  aResultDetail=0
00:00:08.785811 nspr-4   Load [/usr/lib/virtualbox/ExtensionPacks/Oracle_VM_VirtualBox_Extension_Pack/linux.amd64/VBoxHostWebcam.so] vrc=VINF_SUCCESS
00:00:08.895895 nspr-5   WARNING [COM]: aRC=NS_ERROR_FAILURE (0x80004005) aIID={16ced992-5fdc-4aba-aff5-6a39bbd7c38b} aComponent={HostWrap} aText={VirtualBox is not currently allowed to access USB devices.  You can change this by adding your user to the 'vboxusers' group.  Please see the user manual for a more detailed explanation}, preserve=true  aResultDetail=0
00:00:08.967159 nspr-5   ERROR [COM]: aRC=VBOX_E_IPRT_ERROR (0x80bb0005) aIID={85632c68-b5bb-4316-a900-5eb28d3413df} aComponent={SessionMachine} aText={Saved screenshot data is not available (VERR_NOT_SUPPORTED)}, preserve=false aResultDetail=-37
00:00:08.984964 nspr-4   NetIfAdpCtlOut: VBoxNetAdpCtl: Error while retrieving link speed for wlan0: VBoxNetAdpCtl: ioctl failed: Operation not supported
00:00:09.525357 nspr-3   WARNING [COM]: aRC=NS_ERROR_FAILURE (0x80004005) aIID={16ced992-5fdc-4aba-aff5-6a39bbd7c38b} aComponent={HostWrap} aText={VirtualBox is not currently allowed to access USB devices.  You can change this by adding your user to the 'vboxusers' group.  Please see the user manual for a more detailed explanation}, preserve=true  aResultDetail=0
00:00:09.600650 nspr-3   WARNING [COM]: aRC=NS_ERROR_FAILURE (0x80004005) aIID={16ced992-5fdc-4aba-aff5-6a39bbd7c38b} aComponent={HostWrap} aText={VirtualBox is not currently allowed to access USB devices.  You can change this by adding your user to the 'vboxusers' group.  Please see the user manual for a more detailed explanation}, preserve=true  aResultDetail=0
00:00:09.603191 nspr-2   WARNING [COM]: aRC=NS_ERROR_FAILURE (0x80004005) aIID={16ced992-5fdc-4aba-aff5-6a39bbd7c38b} aComponent={HostWrap} aText={VirtualBox is not currently allowed to access USB devices.  You can change this by adding your user to the 'vboxusers' group.  Please see the user manual for a more detailed explanation}, preserve=true  aResultDetail=0
00:00:10.608201 nspr-3   WARNING [COM]: aRC=NS_ERROR_FAILURE (0x80004005) aIID={16ced992-5fdc-4aba-aff5-6a39bbd7c38b} aComponent={HostWrap} aText={VirtualBox is not currently allowed to access USB devices.  You can change this by adding your user to the 'vboxusers' group.  Please see the user manual for a more detailed explanation}, preserve=true  aResultDetail=0
00:00:10.610497 nspr-3   WARNING [COM]: aRC=NS_ERROR_FAILURE (0x80004005) aIID={16ced992-5fdc-4aba-aff5-6a39bbd7c38b} aComponent={HostWrap} aText={VirtualBox is not currently allowed to access USB devices.  You can change this by adding your user to the 'vboxusers' group.  Please see the user manual for a more detailed explanation}, preserve=true  aResultDetail=0
00:04:27.471195 nspr-2   Saving settings file "/home/wedsley/.config/VirtualBox/VirtualBox.xml" with version "1.12-linux"
00:04:27.491206 nspr-4   Saving settings file "/home/wedsley/.config/VirtualBox/VirtualBox.xml" with version "1.12-linux"
00:04:27.527469 nspr-5   Saving settings file "/home/wedsley/.config/VirtualBox/VirtualBox.xml" with version "1.12-linux"
00:04:27.540772 nspr-2   Saving settings file "/home/wedsley/.config/VirtualBox/VirtualBox.xml" with version "1.12-linux"
02:54:00.426253 main     Saving settings file "/home/wedsley/Documents/Pessoal/Isos/Hds Mas Maquinas/Ubuntu HD/Ubuntu/Ubuntu.vbox" with version "1.16-linux"
02:54:01.000572 Watcher  Reaper: Pid 3672407 (380957) exited normally: 1 (0x1)
02:54:07.363055 main     VirtualBox: object deletion starts
02:54:07.363165 main     ERROR [COM]: aRC=VBOX_E_OBJECT_IN_USE (0x80bb000c) aIID={ad47ad09-787b-44ab-b343-a082a3f2dfb1} aComponent={MediumWrap} aText={Medium '/home/wedsley/Documents/Pessoal/Isos/Hds Mas Maquinas/Ubuntu 20.10.vdi' cannot be closed because it is still attached to 1 virtual machines}, preserve=false aResultDetail=0
02:54:07.370449 main     HostDnsMonitor: shutting down ...
02:54:07.383149 main     HostDnsMonitor: shut down
02:54:07.503592 Watcher  ERROR [COM]: aRC=E_ACCESSDENIED (0x80070005) aIID={d0a0163f-e254-4e5b-a1f2-011cf991c38d} aComponent={VirtualBoxWrap} aText={The object is not ready}, preserve=false aResultDetail=0
02:54:12.383819 main     {00007f42fc015f40} HostPowerServiceLinux::~HostPowerServiceLinux: RTThreadWait() for 5000 ms failed with VERR_TIMEOUT
02:54:12.385746 main     VirtualBox: object deleted
